<?xml version="1.0" encoding="UTF-8"?>
<testsuite name="WallServiceTest" tests="2" skipped="0" failures="0" errors="0" timestamp="2021-10-01T18:50:02" hostname="DESKTOP-9J2UKKD" time="0.208">
  <properties/>
  <testcase name="createComment" classname="WallServiceTest" time="0.207"/>
  <testcase name="add" classname="WallServiceTest" time="0.0"/>
  <system-out><![CDATA[]]></system-out>
  <system-err><![CDATA[]]></system-err>
</testsuite>
